0 info it worked if it ends with ok
1 verbose cli [ '/usr/local/bin/node',
1 verbose cli   '/usr/local/bin/npm',
1 verbose cli   'run',
1 verbose cli   'lint',
1 verbose cli   '--' ]
2 info using npm@3.8.8
3 info using node@v4.4.0
4 verbose run-script [ 'prelint', 'lint', 'postlint' ]
5 info lifecycle @most/most-file-reader@1.0.0~prelint: @most/most-file-reader@1.0.0
6 silly lifecycle @most/most-file-reader@1.0.0~prelint: no script for prelint, continuing
7 info lifecycle @most/most-file-reader@1.0.0~lint: @most/most-file-reader@1.0.0
8 verbose lifecycle @most/most-file-reader@1.0.0~lint: unsafe-perm in lifecycle true
9 verbose lifecycle @most/most-file-reader@1.0.0~lint: PATH: /usr/local/lib/node_modules/npm/bin/node-gyp-bin:/Users/annopolskyd1/Desktop/most-file-reader/node_modules/.bin:/usr/local/bin:/Users/annopolskyd1/.fzf/bin:/usr/local/bin:/usr/bin:/bin:/usr/sbin:/sbin:/opt/X11/bin:/usr/local/git/bin:/usr/local/go/bin:/opt/local/bin:/opt/local/sbin:/usr/local:/Users/annopolskyd1/Desktop/blackbox/bin:/Users/annopolskyd1/go:/usr/local/sbin
10 verbose lifecycle @most/most-file-reader@1.0.0~lint: CWD: /Users/annopolskyd1/Desktop/most-file-reader
11 silly lifecycle @most/most-file-reader@1.0.0~lint: Args: [ '-c', 'jsinspect src && jsinspect test && eslint src test' ]
12 silly lifecycle @most/most-file-reader@1.0.0~lint: Returned: code: 1  signal: null
13 info lifecycle @most/most-file-reader@1.0.0~lint: Failed to exec lint script
14 verbose stack Error: @most/most-file-reader@1.0.0 lint: `jsinspect src && jsinspect test && eslint src test`
14 verbose stack Exit status 1
14 verbose stack     at EventEmitter.<anonymous> (/usr/local/lib/node_modules/npm/lib/utils/lifecycle.js:244:16)
14 verbose stack     at emitTwo (events.js:87:13)
14 verbose stack     at EventEmitter.emit (events.js:172:7)
14 verbose stack     at ChildProcess.<anonymous> (/usr/local/lib/node_modules/npm/lib/utils/spawn.js:24:14)
14 verbose stack     at emitTwo (events.js:87:13)
14 verbose stack     at ChildProcess.emit (events.js:172:7)
14 verbose stack     at maybeClose (internal/child_process.js:827:16)
14 verbose stack     at Process.ChildProcess._handle.onexit (internal/child_process.js:211:5)
15 verbose pkgid @most/most-file-reader@1.0.0
16 verbose cwd /Users/annopolskyd1/Desktop/most-file-reader/src
17 error Darwin 14.5.0
18 error argv "/usr/local/bin/node" "/usr/local/bin/npm" "run" "lint" "--"
19 error node v4.4.0
20 error npm  v3.8.8
21 error code ELIFECYCLE
22 error @most/most-file-reader@1.0.0 lint: `jsinspect src && jsinspect test && eslint src test`
22 error Exit status 1
23 error Failed at the @most/most-file-reader@1.0.0 lint script 'jsinspect src && jsinspect test && eslint src test'.
23 error Make sure you have the latest version of node.js and npm installed.
23 error If you do, this is most likely a problem with the @most/most-file-reader package,
23 error not with npm itself.
23 error Tell the author that this fails on your system:
23 error     jsinspect src && jsinspect test && eslint src test
23 error You can get information on how to open an issue for this project with:
23 error     npm bugs @most/most-file-reader
23 error Or if that isn't available, you can get their info via:
23 error     npm owner ls @most/most-file-reader
23 error There is likely additional logging output above.
24 verbose exit [ 1, true ]
